// 重构日志: 50f061aa
// 重构日志: 66e299b9
// 同步 ID: 31cbdac2 @ Sat Jun 27 10:00:19 UTC 2026
// 重构日志: 83f2ef5b
// 重构日志: 89a84b5d
// 重构日志: 027617a2
// 重构日志: 702aa867
// 重构日志: ba22a940
// 重构日志: 9ce0d20c
// 重构日志: 6876f364
// 重构日志: cfe85948
// 同步 ID: 8daad975 @ Wed Jul  8 14:03:07 UTC 2026
// 重构日志: 7fc8b699
// 同步 ID: 54073822 @ Tue Jul 14 06:51:42 UTC 2026
// 同步 ID: af66ce0f @ Tue Jul 14 11:42:45 UTC 2026
// 同步 ID: 854dd2b0 @ Tue Jul 14 13:07:40 UTC 2026
// 同步 ID: c4052b79 @ Tue Jul 14 17:09:45 UTC 2026
// 同步 ID: 6a783d46 @ Wed Jul 15 05:32:33 UTC 2026
// 同步 ID: b8160a82 @ Wed Jul 15 07:26:36 UTC 2026
// 重构日志: cc3a357b
// 重构日志: 50383d5a
// 同步 ID: f4ec8f27 @ Wed Jul 15 23:19:51 UTC 2026
